# JRE version: OpenJDK Runtime Environment Temurin-21.0.8+9 (21.0.8+9) (build 21.0.8+9-LTS)
# Java VM: OpenJDK 64-Bit Server VM Temurin-21.0.8+9 (21.0.8+9-LTS, mixed mode, sharing, tiered, compressed oops, compressed class ptrs, parallel gc, windows-amd64)
GC Precious Log:
 CardTable entry size: 512
 CPUs: 16 total, 16 available
 Memory: 18277M
 Large Page Support: Disabled
 NUMA Support: Disabled
 Compressed Oops: Enabled (32-bit)
 Alignments: Space 512K, Generation 512K, Heap 2M
 Heap Min Capacity: 100M
 Heap Initial Capacity: 100M
 Heap Max Capacity: 2G
 Pre-touch: Disabled
 Parallel Workers: 13
Heap:
 PSYoungGen      total 9728K, used 3237K [0x00000000d5580000, 0x00000000d6380000, 0x0000000100000000)
  eden space 7168K, 15% used [0x00000000d5580000,0x00000000d5699558,0x00000000d5c80000)
  from space 2560K, 82% used [0x00000000d6100000,0x00000000d6310000,0x00000000d6380000)
  to   space 3072K, 0% used [0x00000000d5d80000,0x00000000d5d80000,0x00000000d6080000)
 ParOldGen       total 209920K, used 209244K [0x0000000080000000, 0x000000008cd00000, 0x00000000d5580000)
  object space 209920K, 99% used [0x0000000080000000,0x000000008cc57150,0x000000008cd00000)
 Metaspace       used 55755K, committed 57216K, reserved 1114112K
  class space    used 6046K, committed 6656K, reserved 1048576K
GC Heap History (20 events):
Event: 27.066 GC heap after
{Heap after GC invocations=318 (full 2):
 PSYoungGen      total 5632K, used 919K [0x00000000d5580000, 0x00000000d5c80000, 0x0000000100000000)
  eden space 3584K, 0% used [0x00000000d5580000,0x00000000d5580000,0x00000000d5900000)
  from space 2048K, 44% used [0x00000000d5a80000,0x00000000d5b65ea0,0x00000000d5c80000)
  to   space 1536K, 0% used [0x00000000d5900000,0x00000000d5900000,0x00000000d5a80000)
 ParOldGen       total 402944K, used 402754K [0x0000000080000000, 0x0000000098980000, 0x00000000d5580000)
  object space 402944K, 99% used [0x0000000080000000,0x0000000098950880,0x0000000098980000)
 Metaspace       used 54615K, committed 56064K, reserved 1114112K
  class space    used 5923K, committed 6592K, reserved 1048576K
}
Event: 27.133 GC heap before
{Heap before GC invocations=319 (full 2):
 PSYoungGen      total 5632K, used 4503K [0x00000000d5580000, 0x00000000d5c80000, 0x0000000100000000)
  eden space 3584K, 100% used [0x00000000d5580000,0x00000000d5900000,0x00000000d5900000)
  from space 2048K, 44% used [0x00000000d5a80000,0x00000000d5b65ea0,0x00000000d5c80000)
  to   space 1536K, 0% used [0x00000000d5900000,0x00000000d5900000,0x00000000d5a80000)
 ParOldGen       total 402944K, used 402754K [0x0000000080000000, 0x0000000098980000, 0x00000000d5580000)
  object space 402944K, 99% used [0x0000000080000000,0x0000000098950880,0x0000000098980000)
 Metaspace       used 54934K, committed 56384K, reserved 1114112K
  class space    used 5948K, committed 6592K, reserved 1048576K
}
Event: 27.135 GC heap after
{Heap after GC invocations=319 (full 2):
 PSYoungGen      total 4608K, used 611K [0x00000000d5580000, 0x00000000d5b00000, 0x0000000100000000)
  eden space 3584K, 0% used [0x00000000d5580000,0x00000000d5580000,0x00000000d5900000)
  from space 1024K, 59% used [0x00000000d5900000,0x00000000d5998df8,0x00000000d5a00000)
  to   space 1024K, 0% used [0x00000000d5a00000,0x00000000d5a00000,0x00000000d5b00000)
 ParOldGen       total 403456K, used 403398K [0x0000000080000000, 0x0000000098a00000, 0x00000000d5580000)
  object space 403456K, 99% used [0x0000000080000000,0x00000000989f1bd8,0x0000000098a00000)
 Metaspace       used 54934K, committed 56384K, reserved 1114112K
  class space    used 5948K, committed 6592K, reserved 1048576K
}
Event: 27.202 GC heap before
{Heap before GC invocations=320 (full 2):
 PSYoungGen      total 4608K, used 3536K [0x00000000d5580000, 0x00000000d5b00000, 0x0000000100000000)
  eden space 3584K, 81% used [0x00000000d5580000,0x00000000d585b458,0x00000000d5900000)
  from space 1024K, 59% used [0x00000000d5900000,0x00000000d5998df8,0x00000000d5a00000)
  to   space 1024K, 0% used [0x00000000d5a00000,0x00000000d5a00000,0x00000000d5b00000)
 ParOldGen       total 403456K, used 403398K [0x0000000080000000, 0x0000000098a00000, 0x00000000d5580000)
  object space 403456K, 99% used [0x0000000080000000,0x00000000989f1bd8,0x0000000098a00000)
 Metaspace       used 55277K, committed 56704K, reserved 1114112K
  class space    used 5988K, committed 6592K, reserved 1048576K
}
Event: 27.203 GC heap after
{Heap after GC invocations=320 (full 2):
 PSYoungGen      total 4608K, used 480K [0x00000000d5580000, 0x00000000d5b00000, 0x0000000100000000)
  eden space 3584K, 0% used [0x00000000d5580000,0x00000000d5580000,0x00000000d5900000)
  from space 1024K, 46% used [0x00000000d5a00000,0x00000000d5a78000,0x00000000d5b00000)
  to   space 1024K, 0% used [0x00000000d5900000,0x00000000d5900000,0x00000000d5a00000)
 ParOldGen       total 403968K, used 403766K [0x0000000080000000, 0x0000000098a80000, 0x00000000d5580000)
  object space 403968K, 99% used [0x0000000080000000,0x0000000098a4d970,0x0000000098a80000)
 Metaspace       used 55277K, committed 56704K, reserved 1114112K
  class space    used 5988K, committed 6592K, reserved 1048576K
}
Event: 27.222 GC heap before
{Heap before GC invocations=321 (full 2):
 PSYoungGen      total 4608K, used 4001K [0x00000000d5580000, 0x00000000d5b00000, 0x0000000100000000)
  eden space 3584K, 98% used [0x00000000d5580000,0x00000000d58f0548,0x00000000d5900000)
  from space 1024K, 46% used [0x00000000d5a00000,0x00000000d5a78000,0x00000000d5b00000)
  to   space 1024K, 0% used [0x00000000d5900000,0x00000000d5900000,0x00000000d5a00000)
 ParOldGen       total 403968K, used 403766K [0x0000000080000000, 0x0000000098a80000, 0x00000000d5580000)
  object space 403968K, 99% used [0x0000000080000000,0x0000000098a4d970,0x0000000098a80000)
 Metaspace       used 55334K, committed 56768K, reserved 1114112K
  class space    used 5993K, committed 6592K, reserved 1048576K
}
Event: 27.225 GC heap after
{Heap after GC invocations=321 (full 2):
 PSYoungGen      total 4608K, used 320K [0x00000000d5580000, 0x00000000d5a80000, 0x0000000100000000)
  eden space 3584K, 0% used [0x00000000d5580000,0x00000000d5580000,0x00000000d5900000)
  from space 1024K, 31% used [0x00000000d5900000,0x00000000d5950020,0x00000000d5a00000)
  to   space 512K, 0% used [0x00000000d5a00000,0x00000000d5a00000,0x00000000d5a80000)
 ParOldGen       total 405504K, used 405278K [0x0000000080000000, 0x0000000098c00000, 0x00000000d5580000)
  object space 405504K, 99% used [0x0000000080000000,0x0000000098bc7a80,0x0000000098c00000)
 Metaspace       used 55334K, committed 56768K, reserved 1114112K
  class space    used 5993K, committed 6592K, reserved 1048576K
}
Event: 27.232 GC heap before
{Heap before GC invocations=322 (full 2):
 PSYoungGen      total 4608K, used 3904K [0x00000000d5580000, 0x00000000d5a80000, 0x0000000100000000)
  eden space 3584K, 100% used [0x00000000d5580000,0x00000000d5900000,0x00000000d5900000)
  from space 1024K, 31% used [0x00000000d5900000,0x00000000d5950020,0x00000000d5a00000)
  to   space 512K, 0% used [0x00000000d5a00000,0x00000000d5a00000,0x00000000d5a80000)
 ParOldGen       total 405504K, used 405278K [0x0000000080000000, 0x0000000098c00000, 0x00000000d5580000)
  object space 405504K, 99% used [0x0000000080000000,0x0000000098bc7a80,0x0000000098c00000)
 Metaspace       used 55339K, committed 56768K, reserved 1114112K
  class space    used 5993K, committed 6592K, reserved 1048576K
}
Event: 27.234 GC heap after
{Heap after GC invocations=322 (full 2):
 PSYoungGen      total 4096K, used 192K [0x00000000d5580000, 0x00000000d5a80000, 0x0000000100000000)
  eden space 3584K, 0% used [0x00000000d5580000,0x00000000d5580000,0x00000000d5900000)
  from space 512K, 37% used [0x00000000d5a00000,0x00000000d5a30000,0x00000000d5a80000)
  to   space 512K, 0% used [0x00000000d5980000,0x00000000d5980000,0x00000000d5a00000)
 ParOldGen       total 407040K, used 406856K [0x0000000080000000, 0x0000000098d80000, 0x00000000d5580000)
  object space 407040K, 99% used [0x0000000080000000,0x0000000098d52220,0x0000000098d80000)
 Metaspace       used 55339K, committed 56768K, reserved 1114112K
  class space    used 5993K, committed 6592K, reserved 1048576K
}
Event: 27.253 GC heap before
{Heap before GC invocations=323 (full 2):
 PSYoungGen      total 4096K, used 3776K [0x00000000d5580000, 0x00000000d5a80000, 0x0000000100000000)
  eden space 3584K, 100% used [0x00000000d5580000,0x00000000d5900000,0x00000000d5900000)
  from space 512K, 37% used [0x00000000d5a00000,0x00000000d5a30000,0x00000000d5a80000)
  to   space 512K, 0% used [0x00000000d5980000,0x00000000d5980000,0x00000000d5a00000)
 ParOldGen       total 407040K, used 406856K [0x0000000080000000, 0x0000000098d80000, 0x00000000d5580000)
  object space 407040K, 99% used [0x0000000080000000,0x0000000098d52220,0x0000000098d80000)
 Metaspace       used 55339K, committed 56768K, reserved 1114112K
  class space    used 5993K, committed 6592K, reserved 1048576K
}
Event: 27.255 GC heap after
{Heap after GC invocations=323 (full 2):
 PSYoungGen      total 4096K, used 480K [0x00000000d5580000, 0x00000000d5b00000, 0x0000000100000000)
  eden space 3584K, 0% used [0x00000000d5580000,0x00000000d5580000,0x00000000d5900000)
  from space 512K, 93% used [0x00000000d5980000,0x00000000d59f8000,0x00000000d5a00000)
  to   space 1024K, 0% used [0x00000000d5a00000,0x00000000d5a00000,0x00000000d5b00000)
 ParOldGen       total 407552K, used 407040K [0x0000000080000000, 0x0000000098e00000, 0x00000000d5580000)
  object space 407552K, 99% used [0x0000000080000000,0x0000000098d80220,0x0000000098e00000)
 Metaspace       used 55339K, committed 56768K, reserved 1114112K
  class space    used 5993K, committed 6592K, reserved 1048576K
}
Event: 27.269 GC heap before
{Heap before GC invocations=324 (full 2):
 PSYoungGen      total 4096K, used 3620K [0x00000000d5580000, 0x00000000d5b00000, 0x0000000100000000)
  eden space 3584K, 87% used [0x00000000d5580000,0x00000000d5891338,0x00000000d5900000)
  from space 512K, 93% used [0x00000000d5980000,0x00000000d59f8000,0x00000000d5a00000)
  to   space 1024K, 0% used [0x00000000d5a00000,0x00000000d5a00000,0x00000000d5b00000)
 ParOldGen       total 407552K, used 407040K [0x0000000080000000, 0x0000000098e00000, 0x00000000d5580000)
  object space 407552K, 99% used [0x0000000080000000,0x0000000098d80220,0x0000000098e00000)
 Metaspace       used 55364K, committed 56768K, reserved 1114112K
  class space    used 5996K, committed 6592K, reserved 1048576K
}
Event: 27.272 GC heap after
{Heap after GC invocations=324 (full 2):
 PSYoungGen      total 4608K, used 896K [0x00000000d5580000, 0x00000000d5b00000, 0x0000000100000000)
  eden space 3584K, 0% used [0x00000000d5580000,0x00000000d5580000,0x00000000d5900000)
  from space 1024K, 87% used [0x00000000d5a00000,0x00000000d5ae0190,0x00000000d5b00000)
  to   space 1024K, 0% used [0x00000000d5900000,0x00000000d5900000,0x00000000d5a00000)
 ParOldGen       total 409088K, used 408674K [0x0000000080000000, 0x0000000098f80000, 0x00000000d5580000)
  object space 409088K, 99% used [0x0000000080000000,0x0000000098f189a0,0x0000000098f80000)
 Metaspace       used 55364K, committed 56768K, reserved 1114112K
  class space    used 5996K, committed 6592K, reserved 1048576K
}
Event: 27.303 GC heap before
{Heap before GC invocations=325 (full 2):
 PSYoungGen      total 4608K, used 4480K [0x00000000d5580000, 0x00000000d5b00000, 0x0000000100000000)
  eden space 3584K, 100% used [0x00000000d5580000,0x00000000d5900000,0x00000000d5900000)
  from space 1024K, 87% used [0x00000000d5a00000,0x00000000d5ae0190,0x00000000d5b00000)
  to   space 1024K, 0% used [0x00000000d5900000,0x00000000d5900000,0x00000000d5a00000)
 ParOldGen       total 422912K, used 422079K [0x0000000080000000, 0x0000000099d00000, 0x00000000d5580000)
  object space 422912K, 99% used [0x0000000080000000,0x0000000099c2fdf0,0x0000000099d00000)
 Metaspace       used 55599K, committed 57088K, reserved 1114112K
  class space    used 6031K, committed 6656K, reserved 1048576K
}
Event: 27.305 GC heap after
{Heap after GC invocations=325 (full 2):
 PSYoungGen      total 4608K, used 352K [0x00000000d5580000, 0x00000000d5b00000, 0x0000000100000000)
  eden space 3584K, 0% used [0x00000000d5580000,0x00000000d5580000,0x00000000d5900000)
  from space 1024K, 34% used [0x00000000d5900000,0x00000000d5958010,0x00000000d5a00000)
  to   space 1024K, 0% used [0x00000000d5a00000,0x00000000d5a00000,0x00000000d5b00000)
 ParOldGen       total 422912K, used 422504K [0x0000000080000000, 0x0000000099d00000, 0x00000000d5580000)
  object space 422912K, 99% used [0x0000000080000000,0x0000000099c9a1f0,0x0000000099d00000)
 Metaspace       used 55599K, committed 57088K, reserved 1114112K
  class space    used 6031K, committed 6656K, reserved 1048576K
}
Event: 27.333 GC heap before
{Heap before GC invocations=326 (full 2):
 PSYoungGen      total 4608K, used 1522K [0x00000000d5580000, 0x00000000d5b00000, 0x0000000100000000)
  eden space 3584K, 32% used [0x00000000d5580000,0x00000000d56a4b10,0x00000000d5900000)
  from space 1024K, 34% used [0x00000000d5900000,0x00000000d5958010,0x00000000d5a00000)
  to   space 1024K, 0% used [0x00000000d5a00000,0x00000000d5a00000,0x00000000d5b00000)
 ParOldGen       total 438272K, used 437824K [0x0000000080000000, 0x000000009ac00000, 0x00000000d5580000)
  object space 438272K, 99% used [0x0000000080000000,0x000000009ab90200,0x000000009ac00000)
 Metaspace       used 55708K, committed 57152K, reserved 1114112K
  class space    used 6043K, committed 6656K, reserved 1048576K
}
Event: 27.334 GC heap after
{Heap after GC invocations=326 (full 2):
 PSYoungGen      total 4096K, used 416K [0x00000000d5580000, 0x00000000d5a80000, 0x0000000100000000)
  eden space 3584K, 0% used [0x00000000d5580000,0x00000000d5580000,0x00000000d5900000)
  from space 512K, 81% used [0x00000000d5a00000,0x00000000d5a68000,0x00000000d5a80000)
  to   space 512K, 0% used [0x00000000d5980000,0x00000000d5980000,0x00000000d5a00000)
 ParOldGen       total 438272K, used 438000K [0x0000000080000000, 0x000000009ac00000, 0x00000000d5580000)
  object space 438272K, 99% used [0x0000000080000000,0x000000009abbc210,0x000000009ac00000)
 Metaspace       used 55708K, committed 57152K, reserved 1114112K
  class space    used 6043K, committed 6656K, reserved 1048576K
}
Event: 27.334 GC heap before
{Heap before GC invocations=327 (full 2):
 PSYoungGen      total 4096K, used 416K [0x00000000d5580000, 0x00000000d5a80000, 0x0000000100000000)
  eden space 3584K, 0% used [0x00000000d5580000,0x00000000d5580000,0x00000000d5900000)
  from space 512K, 81% used [0x00000000d5a00000,0x00000000d5a68000,0x00000000d5a80000)
  to   space 512K, 0% used [0x00000000d5980000,0x00000000d5980000,0x00000000d5a00000)
 ParOldGen       total 438272K, used 438000K [0x0000000080000000, 0x000000009ac00000, 0x00000000d5580000)
  object space 438272K, 99% used [0x0000000080000000,0x000000009abbc210,0x000000009ac00000)
 Metaspace       used 55708K, committed 57152K, reserved 1114112K
  class space    used 6043K, committed 6656K, reserved 1048576K
}
Event: 27.336 GC heap after
{Heap after GC invocations=327 (full 2):
 PSYoungGen      total 4608K, used 0K [0x00000000d5580000, 0x00000000d5b00000, 0x0000000100000000)
  eden space 4096K, 0% used [0x00000000d5580000,0x00000000d5580000,0x00000000d5980000)
  from space 512K, 0% used [0x00000000d5980000,0x00000000d5980000,0x00000000d5a00000)
  to   space 512K, 0% used [0x00000000d5a80000,0x00000000d5a80000,0x00000000d5b00000)
 ParOldGen       total 438272K, used 438161K [0x0000000080000000, 0x000000009ac00000, 0x00000000d5580000)
  object space 438272K, 99% used [0x0000000080000000,0x000000009abe4580,0x000000009ac00000)
 Metaspace       used 55708K, committed 57152K, reserved 1114112K
  class space    used 6043K, committed 6656K, reserved 1048576K
}
Event: 27.336 GC heap before
{Heap before GC invocations=328 (full 3):
 PSYoungGen      total 4608K, used 0K [0x00000000d5580000, 0x00000000d5b00000, 0x0000000100000000)
  eden space 4096K, 0% used [0x00000000d5580000,0x00000000d5580000,0x00000000d5980000)
  from space 512K, 0% used [0x00000000d5980000,0x00000000d5980000,0x00000000d5a00000)
  to   space 512K, 0% used [0x00000000d5a80000,0x00000000d5a80000,0x00000000d5b00000)
 ParOldGen       total 438272K, used 438161K [0x0000000080000000, 0x000000009ac00000, 0x00000000d5580000)
  object space 438272K, 99% used [0x0000000080000000,0x000000009abe4580,0x000000009ac00000)
 Metaspace       used 55708K, committed 57152K, reserved 1114112K
  class space    used 6043K, committed 6656K, reserved 1048576K
}

